<?xml version="1.0" encoding="UTF-8"?>
<!-- Generated by org.testng.reporters.JUnitReportReporter -->
<testsuite hostname="LAPTOP-G6NEL8LQ" failures="0" tests="1" name="com.crm.qa.testcases.DealsTest" time="18.570" errors="0" timestamp="2023-05-17T15:23:18 IST" skipped="0">
  <testcase classname="com.crm.qa.testcases.DealsTest" name="dealslabetes" time="18.570"/>
  <system-out/>
</testsuite> <!-- com.crm.qa.testcases.DealsTest -->
