<?xml version="1.0" encoding="UTF-8"?>
<!-- Generated by org.testng.reporters.JUnitReportReporter -->
<testsuite hostname="LAPTOP-G6NEL8LQ" failures="0" tests="5" name="com.crm.qa.testcases.ContactPageTest" time="93.575" errors="0" timestamp="2023-07-08T13:09:34 IST" skipped="1">
  <testcase classname="com.crm.qa.testcases.ContactPageTest" name="verifycontctlable" time="7.892"/>
  <system-out/>
  <testcase classname="com.crm.qa.testcases.ContactPageTest" name="validatecreatenewcontact" time="28.492"/>
  <system-out/>
  <testcase classname="com.crm.qa.testcases.ContactPageTest" name="validatecreatenewcontact" time="28.665"/>
  <system-out/>
  <testcase classname="com.crm.qa.testcases.ContactPageTest" name="validatecreatenewcontact" time="28.526"/>
  <system-out/>
  <testcase classname="com.crm.qa.testcases.ContactPageTest" name="selectcontact">
    <skipped/>
  </testcase> <!-- selectcontact -->
  <system-out/>
</testsuite> <!-- com.crm.qa.testcases.ContactPageTest -->
