<?xml version="1.0" encoding="UTF-8"?>
<!-- Generated by org.testng.reporters.JUnitReportReporter -->
<testsuite hostname="LAPTOP-G6NEL8LQ" failures="0" tests="2" name="com.crm.qa.testcases.LoginPageTest" time="11.349" errors="0" timestamp="2023-07-08T13:09:34 IST" skipped="0">
  <testcase classname="com.crm.qa.testcases.LoginPageTest" name="loginpagetitletest" time="5.689"/>
  <system-out/>
  <testcase classname="com.crm.qa.testcases.LoginPageTest" name="logintest" time="5.660"/>
  <system-out/>
</testsuite> <!-- com.crm.qa.testcases.LoginPageTest -->
