<?xml version="1.0" encoding="UTF-8"?>
<!-- Generated by org.testng.reporters.JUnitReportReporter -->
<testsuite hostname="LAPTOP-G6NEL8LQ" failures="0" tests="3" name="com.crm.qa.testcases.HomePageTest" time="36.768" errors="0" timestamp="2023-07-08T13:09:34 IST" skipped="0">
  <testcase classname="com.crm.qa.testcases.HomePageTest" name="homepagetitletest" time="5.866"/>
  <system-out/>
  <testcase classname="com.crm.qa.testcases.HomePageTest" name="verifyusernametest" time="12.833"/>
  <system-out/>
  <testcase classname="com.crm.qa.testcases.HomePageTest" name="movehomeicon" time="18.069"/>
  <system-out/>
</testsuite> <!-- com.crm.qa.testcases.HomePageTest -->
