<?xml version="1.0" encoding="UTF-8"?>
<!-- Generated by org.testng.reporters.JUnitReportReporter -->
<testsuite hostname="LAPTOP-G6NEL8LQ" failures="0" tests="1" name="com.crm.qa.testcases.DealsTest" time="18.356" errors="0" timestamp="2023-05-25T15:37:41 IST" skipped="0">
  <testcase classname="com.crm.qa.testcases.DealsTest" name="dealslabetes" time="18.356"/>
  <system-out/>
</testsuite> <!-- com.crm.qa.testcases.DealsTest -->
