<?xml version="1.0" encoding="UTF-8"?>
<!-- Generated by org.testng.reporters.JUnitReportReporter -->
<testsuite hostname="LAPTOP-G6NEL8LQ" failures="0" tests="5" name="com.crm.qa.testcases.ContactPageTest" time="99.353" errors="0" timestamp="2023-05-25T15:37:41 IST" skipped="1">
  <testcase classname="com.crm.qa.testcases.ContactPageTest" name="verifycontctlable" time="7.988"/>
  <system-out/>
  <testcase classname="com.crm.qa.testcases.ContactPageTest" name="validatecreatenewcontact" time="29.760"/>
  <system-out/>
  <testcase classname="com.crm.qa.testcases.ContactPageTest" name="validatecreatenewcontact" time="32.224"/>
  <system-out/>
  <testcase classname="com.crm.qa.testcases.ContactPageTest" name="validatecreatenewcontact" time="29.381"/>
  <system-out/>
  <testcase classname="com.crm.qa.testcases.ContactPageTest" name="selectcontact">
    <skipped/>
  </testcase> <!-- selectcontact -->
  <system-out/>
</testsuite> <!-- com.crm.qa.testcases.ContactPageTest -->
