<?xml version="1.0" encoding="UTF-8"?>
<!-- Generated by org.testng.reporters.JUnitReportReporter -->
<testsuite hostname="LAPTOP-G6NEL8LQ" failures="0" tests="3" name="com.crm.qa.testcases.HomePageTest" time="33.335" errors="0" timestamp="2023-05-25T15:37:41 IST" skipped="0">
  <testcase classname="com.crm.qa.testcases.HomePageTest" name="homepagetitletest" time="6.556"/>
  <system-out/>
  <testcase classname="com.crm.qa.testcases.HomePageTest" name="verifyusernametest" time="8.282"/>
  <system-out/>
  <testcase classname="com.crm.qa.testcases.HomePageTest" name="movehomeicon" time="18.497"/>
  <system-out/>
</testsuite> <!-- com.crm.qa.testcases.HomePageTest -->
